Using pre-set license
Built from '2020.3/staging' branch; Version is '2020.3.26f1 (7298b473bc1a) revision 7510196'; Using compiler version '192528614'; Build Type 'Release'
OS: 'Windows 10  (10.0.19044) 64bit Core' Language: 'es' Physical Memory: 7989 MB
BatchMode: 1, IsHumanControllingUs: 0, StartBugReporterOnCrash: 0, Is64bit: 1, IsPro: 0

COMMAND LINE ARGUMENTS:
C:\Program Files\Unity\Hub\Editor\2020.3.26f1\Editor\Unity.exe
-adb2
-batchMode
-noUpm
-name
AssetImportWorker0
-projectPath
C:/Users/SMXRBonaventura/Jocfinal
-logFile
Logs/AssetImportWorker0.log
-srvPort
63251
Successfully changed project path to: C:/Users/SMXRBonaventura/Jocfinal
C:/Users/SMXRBonaventura/Jocfinal
Using Asset Import Pipeline V2.
Refreshing native plugins compatible for Editor in 132.44 ms, found 3 plugins.
Preloading 0 native plugins for Editor in 0.00 ms.
Initialize engine version: 2020.3.26f1 (7298b473bc1a)
[Subsystems] Discovering subsystems at path C:/Program Files/Unity/Hub/Editor/2020.3.26f1/Editor/Data/Resources/UnitySubsystems
[Subsystems] Discovering subsystems at path C:/Users/SMXRBonaventura/Jocfinal/Assets
GfxDevice: creating device client; threaded=0
Direct3D:
    Version:  Direct3D 11.0 [level 11.1]
    Renderer: Intel(R) HD Graphics 520 (ID=0x1921)
    Vendor:   
    VRAM:     3994 MB
    Driver:   21.20.16.4550
Initialize mono
Mono path[0] = 'C:/Program Files/Unity/Hub/Editor/2020.3.26f1/Editor/Data/Managed'
Mono path[1] = 'C:/Program Files/Unity/Hub/Editor/2020.3.26f1/Editor/Data/MonoBleedingEdge/lib/mono/unityjit'
Mono config path = 'C:/Program Files/Unity/Hub/Editor/2020.3.26f1/Editor/Data/MonoBleedingEdge/etc'
Using monoOptions --debugger-agent=transport=dt_socket,embedding=1,server=y,suspend=n,address=127.0.0.1:56124
Begin MonoManager ReloadAssembly
Registering precompiled unity dll's ...
Register platform support module: C:/Program Files/Unity/Hub/Editor/2020.3.26f1/Editor/Data/PlaybackEngines/WebGLSupport/UnityEditor.WebGL.Extensions.dll
Register platform support module: C:/Program Files/Unity/Hub/Editor/2020.3.26f1/Editor/Data/PlaybackEngines/WindowsStandaloneSupport/UnityEditor.WindowsStandalone.Extensions.dll
Registered in 0.009233 seconds.
Native extension for WindowsStandalone target not found
Native extension for WebGL target not found
Refreshing native plugins compatible for Editor in 123.86 ms, found 3 plugins.
Preloading 0 native plugins for Editor in 0.00 ms.
Mono: successfully reloaded assembly
- Completed reload, in  1.171 seconds
Domain Reload Profiling:
	ReloadAssembly (1172ms)
		BeginReloadAssembly (111ms)
			ExecutionOrderSort (0ms)
			DisableScriptedObjects (0ms)
			BackupInstance (0ms)
			ReleaseScriptingObjects (0ms)
			CreateAndSetChildDomain (2ms)
		EndReloadAssembly (903ms)
			LoadAssemblies (105ms)
			RebuildTransferFunctionScriptingTraits (0ms)
			SetupTypeCache (288ms)
			ReleaseScriptCaches (0ms)
			RebuildScriptCaches (59ms)
			SetupLoadedEditorAssemblies (363ms)
				LogAssemblyErrors (0ms)
				InitializePlatformSupportModulesInManaged (13ms)
				SetLoadedEditorAssemblies (0ms)
				RefreshPlugins (124ms)
				BeforeProcessingInitializeOnLoad (18ms)
				ProcessInitializeOnLoadAttributes (155ms)
				ProcessInitializeOnLoadMethodAttributes (52ms)
				AfterProcessingInitializeOnLoad (0ms)
				EditorAssembliesLoaded (0ms)
			ExecutionOrderSort2 (0ms)
			AwakeInstancesAfterBackupRestoration (0ms)
Platform modules already initialized, skipping
Registering precompiled user dll's ...
Registered in 0.011268 seconds.
Begin MonoManager ReloadAssembly
Native extension for WindowsStandalone target not found
Native extension for WebGL target not found
Refreshing native plugins compatible for Editor in 118.47 ms, found 3 plugins.
Preloading 0 native plugins for Editor in 0.00 ms.
Mono: successfully reloaded assembly
- Completed reload, in  2.534 seconds
Domain Reload Profiling:
	ReloadAssembly (2536ms)
		BeginReloadAssembly (271ms)
			ExecutionOrderSort (0ms)
			DisableScriptedObjects (8ms)
			BackupInstance (0ms)
			ReleaseScriptingObjects (0ms)
			CreateAndSetChildDomain (33ms)
		EndReloadAssembly (2143ms)
			LoadAssemblies (173ms)
			RebuildTransferFunctionScriptingTraits (0ms)
			SetupTypeCache (583ms)
			ReleaseScriptCaches (1ms)
			RebuildScriptCaches (101ms)
			SetupLoadedEditorAssemblies (1032ms)
				LogAssemblyErrors (0ms)
				InitializePlatformSupportModulesInManaged (12ms)
				SetLoadedEditorAssemblies (0ms)
				RefreshPlugins (119ms)
				BeforeProcessingInitializeOnLoad (147ms)
				ProcessInitializeOnLoadAttributes (715ms)
				ProcessInitializeOnLoadMethodAttributes (20ms)
				AfterProcessingInitializeOnLoad (20ms)
				EditorAssembliesLoaded (1ms)
			ExecutionOrderSort2 (0ms)
			AwakeInstancesAfterBackupRestoration (12ms)
Platform modules already initialized, skipping
========================================================================
Worker process is ready to serve import requests
Launched and connected shader compiler UnityShaderCompiler.exe after 0.16 seconds
Refreshing native plugins compatible for Editor in 1.52 ms, found 3 plugins.
Preloading 0 native plugins for Editor in 0.00 ms.
Unloading 2627 Unused Serialized files (Serialized files now loaded: 0)
System memory in use before: 131.7 MB.
System memory in use after: 131.8 MB.

Unloading 28 unused Assets to reduce memory usage. Loaded Objects now: 3079.
Total: 5.570500 ms (FindLiveObjects: 0.325800 ms CreateObjectMapping: 0.231400 ms MarkObjects: 4.849800 ms  DeleteObjects: 0.161100 ms)

AssetImportParameters requested are different than current active one (requested -> active):
  custom:framework-win-MediaFoundation: 216162199b28c13a410421893ffa2e32 -> 
  custom:video-decoder-ogg-theora: a1e56fd34408186e4bbccfd4996cb3dc -> 
  custom:container-muxer-webm: aa71ff27fc2769a1b78a27578f13a17b -> 
  custom:container-demuxer-webm: 4f35f7cbe854078d1ac9338744f61a02 -> 
  custom:container-demuxer-ogg: 62fdf1f143b41e24485cea50d1cbac27 -> 
  custom:video-encoder-webm-vp8: eb34c28f22e8b96e1ab97ce403110664 -> 
  custom:video-decoder-webm-vp8: 9c59270c3fd7afecdb556c50c9e8de78 -> 
  custom:audio-decoder-ogg-vorbis: bf7c407c2cedff20999df2af8eb42d56 -> 
  custom:audio-encoder-webm-vorbis: bf7c407c2cedff20999df2af8eb42d56 -> 
========================================================================
Received Import Request.
  path: Assets/Scenes/Scene3.unity
  artifactKey: Guid(14bd6e9929a68db45904b576854349b0) Importer(815301076,1909f56bfc062723c751e8b465ee728b)
Start importing Assets/Scenes/Scene3.unity using Guid(14bd6e9929a68db45904b576854349b0) Importer(815301076,1909f56bfc062723c751e8b465ee728b)  -> (artifact id: 'e360d7d24a8b419293ab4c6e52ec294b') in 0.106119 seconds 
  Import took 0.120633 seconds .

========================================================================
Received Import Request.
  Time since last request: 84.374904 seconds.
  path: Assets/Scenes/Scene1.unity
  artifactKey: Guid(9fc0d4010bbf28b4594072e72b8655ab) Importer(815301076,1909f56bfc062723c751e8b465ee728b)
Start importing Assets/Scenes/Scene1.unity using Guid(9fc0d4010bbf28b4594072e72b8655ab) Importer(815301076,1909f56bfc062723c751e8b465ee728b)  -> (artifact id: 'ae6e74acc3e5afa4a9083ff789e04d7b') in 0.036023 seconds 
  Import took 0.051160 seconds .

========================================================================
Received Import Request.
  Time since last request: 7.445374 seconds.
  path: Assets/Scenes/Scene2.unity
  artifactKey: Guid(223fcdac139423f4f9ea192de9f7da23) Importer(815301076,1909f56bfc062723c751e8b465ee728b)
Start importing Assets/Scenes/Scene2.unity using Guid(223fcdac139423f4f9ea192de9f7da23) Importer(815301076,1909f56bfc062723c751e8b465ee728b)  -> (artifact id: 'dfb8d00a30cc69293b3b590006f9f56d') in 0.091443 seconds 
  Import took 0.107006 seconds .

========================================================================
Received Import Request.
  Time since last request: 377.002849 seconds.
  path: Assets/DungeonCharacters/Skeletons_demo
  artifactKey: Guid(6c202c33fca7be247811d23fca3d285e) Importer(815301076,1909f56bfc062723c751e8b465ee728b)
Start importing Assets/DungeonCharacters/Skeletons_demo using Guid(6c202c33fca7be247811d23fca3d285e) Importer(815301076,1909f56bfc062723c751e8b465ee728b)  -> (artifact id: '412f31c5ffc16eba7298872962950c61') in 0.038578 seconds 
  Import took 0.054655 seconds .

========================================================================
Received Import Request.
  Time since last request: 0.000499 seconds.
  path: Assets/DungeonCharacters/Skeletons_demo/DungeonSkeletons_pack.jpg
  artifactKey: Guid(638407f285212d546845248f67bd99f6) Importer(815301076,1909f56bfc062723c751e8b465ee728b)
Start importing Assets/DungeonCharacters/Skeletons_demo/DungeonSkeletons_pack.jpg using Guid(638407f285212d546845248f67bd99f6) Importer(815301076,1909f56bfc062723c751e8b465ee728b)  -> (artifact id: 'a17d486c58a5a302094d75c80596d579') in 0.225362 seconds 
  Import took 0.241753 seconds .

========================================================================
Received Import Request.
  Time since last request: 1.507721 seconds.
  path: Assets/DungeonCharacters/Skeletons_demo/models
  artifactKey: Guid(ab7e5a7d6fa592143a6100a78badb465) Importer(815301076,1909f56bfc062723c751e8b465ee728b)
Start importing Assets/DungeonCharacters/Skeletons_demo/models using Guid(ab7e5a7d6fa592143a6100a78badb465) Importer(815301076,1909f56bfc062723c751e8b465ee728b)  -> (artifact id: '9ca41ff612bf9238bebe29a608d43f38') in 0.031072 seconds 
  Import took 0.052005 seconds .

========================================================================
Received Import Request.
  Time since last request: 0.005235 seconds.
  path: Assets/DungeonCharacters/Skeletons_demo/models/DungeonSkeleton_demo.FBX
  artifactKey: Guid(f227b5017a7c0184a96c2c26f1e4408d) Importer(815301076,1909f56bfc062723c751e8b465ee728b)
Start importing Assets/DungeonCharacters/Skeletons_demo/models/DungeonSkeleton_demo.FBX using Guid(f227b5017a7c0184a96c2c26f1e4408d) Importer(815301076,1909f56bfc062723c751e8b465ee728b)  -> (artifact id: '5e76ecd99fd250197ce5718aa2a7b0be') in 0.559426 seconds 
  Import took 0.571669 seconds .

========================================================================
Received Import Request.
  Time since last request: 1015.725690 seconds.
  path: Assets/DungeonCharacters/Skeletons_demo/animation/DS_onehand_attack_A.FBX
  artifactKey: Guid(68e3a50f30bb0c54e8ca5cfae6eea48d) Importer(815301076,1909f56bfc062723c751e8b465ee728b)
Start importing Assets/DungeonCharacters/Skeletons_demo/animation/DS_onehand_attack_A.FBX using Guid(68e3a50f30bb0c54e8ca5cfae6eea48d) Importer(815301076,1909f56bfc062723c751e8b465ee728b)  -> (artifact id: '818560e568b4d0c5669a8034ad5d5e43') in 0.028580 seconds 
  Import took 0.041233 seconds .

========================================================================
Received Import Request.
  Time since last request: 0.000365 seconds.
  path: Assets/DungeonCharacters/Skeletons_demo/animation/DS_onehand_idle_A.FBX
  artifactKey: Guid(f15c07c4bb03eeb48a7d2f8bfc519969) Importer(815301076,1909f56bfc062723c751e8b465ee728b)
Start importing Assets/DungeonCharacters/Skeletons_demo/animation/DS_onehand_idle_A.FBX using Guid(f15c07c4bb03eeb48a7d2f8bfc519969) Importer(815301076,1909f56bfc062723c751e8b465ee728b)  -> (artifact id: '31cf20860e058da29f4f423ac1577796') in 0.024457 seconds 
  Import took 0.033906 seconds .

========================================================================
Received Import Request.
  Time since last request: 0.000365 seconds.
  path: Assets/DungeonCharacters/Skeletons_demo/animation/DS_onehand_walk.FBX
  artifactKey: Guid(272e84c6ff8fea340b19da71308f0475) Importer(815301076,1909f56bfc062723c751e8b465ee728b)
Start importing Assets/DungeonCharacters/Skeletons_demo/animation/DS_onehand_walk.FBX using Guid(272e84c6ff8fea340b19da71308f0475) Importer(815301076,1909f56bfc062723c751e8b465ee728b)  -> (artifact id: '22e75b4008b5c9a687c85cb881739a74') in 0.025852 seconds 
  Import took 0.035875 seconds .

========================================================================
Received Prepare
Registering precompiled user dll's ...
Registered in 0.018938 seconds.
Begin MonoManager ReloadAssembly
Native extension for WindowsStandalone target not found
Native extension for WebGL target not found
Refreshing native plugins compatible for Editor in 0.93 ms, found 3 plugins.
Preloading 0 native plugins for Editor in 0.00 ms.
Mono: successfully reloaded assembly
- Completed reload, in  2.566 seconds
Domain Reload Profiling:
	ReloadAssembly (2567ms)
		BeginReloadAssembly (274ms)
			ExecutionOrderSort (0ms)
			DisableScriptedObjects (8ms)
			BackupInstance (0ms)
			ReleaseScriptingObjects (0ms)
			CreateAndSetChildDomain (77ms)
		EndReloadAssembly (2127ms)
			LoadAssemblies (209ms)
			RebuildTransferFunctionScriptingTraits (0ms)
			SetupTypeCache (716ms)
			ReleaseScriptCaches (2ms)
			RebuildScriptCaches (124ms)
			SetupLoadedEditorAssemblies (824ms)
				LogAssemblyErrors (0ms)
				InitializePlatformSupportModulesInManaged (14ms)
				SetLoadedEditorAssemblies (1ms)
				RefreshPlugins (1ms)
				BeforeProcessingInitializeOnLoad (158ms)
				ProcessInitializeOnLoadAttributes (611ms)
				ProcessInitializeOnLoadMethodAttributes (19ms)
				AfterProcessingInitializeOnLoad (20ms)
				EditorAssembliesLoaded (0ms)
			ExecutionOrderSort2 (0ms)
			AwakeInstancesAfterBackupRestoration (12ms)
Platform modules already initialized, skipping
Refreshing native plugins compatible for Editor in 2.56 ms, found 3 plugins.
Preloading 0 native plugins for Editor in 0.00 ms.
Unloading 2563 Unused Serialized files (Serialized files now loaded: 0)
System memory in use before: 142.8 MB.
System memory in use after: 142.9 MB.

Unloading 21 unused Assets to reduce memory usage. Loaded Objects now: 3094.
Total: 22.007300 ms (FindLiveObjects: 0.449300 ms CreateObjectMapping: 0.300100 ms MarkObjects: 21.099500 ms  DeleteObjects: 0.155500 ms)

AssetImportParameters requested are different than current active one (requested -> active):
  custom:framework-win-MediaFoundation: 216162199b28c13a410421893ffa2e32 -> 
  custom:video-decoder-ogg-theora: a1e56fd34408186e4bbccfd4996cb3dc -> 
  custom:container-muxer-webm: aa71ff27fc2769a1b78a27578f13a17b -> 
  custom:container-demuxer-webm: 4f35f7cbe854078d1ac9338744f61a02 -> 
  custom:container-demuxer-ogg: 62fdf1f143b41e24485cea50d1cbac27 -> 
  custom:video-encoder-webm-vp8: eb34c28f22e8b96e1ab97ce403110664 -> 
  custom:video-decoder-webm-vp8: 9c59270c3fd7afecdb556c50c9e8de78 -> 
  custom:audio-decoder-ogg-vorbis: bf7c407c2cedff20999df2af8eb42d56 -> 
  custom:audio-encoder-webm-vorbis: bf7c407c2cedff20999df2af8eb42d56 -> 
========================================================================
Received Import Request.
  Time since last request: 317.094116 seconds.
  path: Assets/DungeonCharacters/Skeletons_demo/animation/DS_onehand_walk.FBX
  artifactKey: Guid(272e84c6ff8fea340b19da71308f0475) Importer(815301076,1909f56bfc062723c751e8b465ee728b)
Start importing Assets/DungeonCharacters/Skeletons_demo/animation/DS_onehand_walk.FBX using Guid(272e84c6ff8fea340b19da71308f0475) Importer(815301076,1909f56bfc062723c751e8b465ee728b)  -> (artifact id: '6981dc1845f03fcfd2d37a528459b5ee') in 0.084164 seconds 
  Import took 0.103376 seconds .

========================================================================
Received Prepare
Registering precompiled user dll's ...
Registered in 0.015608 seconds.
Begin MonoManager ReloadAssembly
Native extension for WindowsStandalone target not found
Native extension for WebGL target not found
Refreshing native plugins compatible for Editor in 0.91 ms, found 3 plugins.
Preloading 0 native plugins for Editor in 0.00 ms.
Mono: successfully reloaded assembly
- Completed reload, in  2.800 seconds
Domain Reload Profiling:
	ReloadAssembly (2800ms)
		BeginReloadAssembly (344ms)
			ExecutionOrderSort (0ms)
			DisableScriptedObjects (9ms)
			BackupInstance (0ms)
			ReleaseScriptingObjects (1ms)
			CreateAndSetChildDomain (155ms)
		EndReloadAssembly (2239ms)
			LoadAssemblies (191ms)
			RebuildTransferFunctionScriptingTraits (0ms)
			SetupTypeCache (983ms)
			ReleaseScriptCaches (2ms)
			RebuildScriptCaches (97ms)
			SetupLoadedEditorAssemblies (751ms)
				LogAssemblyErrors (0ms)
				InitializePlatformSupportModulesInManaged (11ms)
				SetLoadedEditorAssemblies (1ms)
				RefreshPlugins (1ms)
				BeforeProcessingInitializeOnLoad (127ms)
				ProcessInitializeOnLoadAttributes (570ms)
				ProcessInitializeOnLoadMethodAttributes (19ms)
				AfterProcessingInitializeOnLoad (22ms)
				EditorAssembliesLoaded (1ms)
			ExecutionOrderSort2 (0ms)
			AwakeInstancesAfterBackupRestoration (13ms)
Platform modules already initialized, skipping
Refreshing native plugins compatible for Editor in 1.58 ms, found 3 plugins.
Preloading 0 native plugins for Editor in 0.00 ms.
Unloading 2563 Unused Serialized files (Serialized files now loaded: 0)
System memory in use before: 142.8 MB.
System memory in use after: 143.0 MB.

Unloading 21 unused Assets to reduce memory usage. Loaded Objects now: 3096.
Total: 10.518700 ms (FindLiveObjects: 0.468400 ms CreateObjectMapping: 0.300000 ms MarkObjects: 9.607500 ms  DeleteObjects: 0.139300 ms)

AssetImportParameters requested are different than current active one (requested -> active):
  custom:framework-win-MediaFoundation: 216162199b28c13a410421893ffa2e32 -> 
  custom:video-decoder-ogg-theora: a1e56fd34408186e4bbccfd4996cb3dc -> 
  custom:container-muxer-webm: aa71ff27fc2769a1b78a27578f13a17b -> 
  custom:container-demuxer-webm: 4f35f7cbe854078d1ac9338744f61a02 -> 
  custom:container-demuxer-ogg: 62fdf1f143b41e24485cea50d1cbac27 -> 
  custom:video-encoder-webm-vp8: eb34c28f22e8b96e1ab97ce403110664 -> 
  custom:video-decoder-webm-vp8: 9c59270c3fd7afecdb556c50c9e8de78 -> 
  custom:audio-decoder-ogg-vorbis: bf7c407c2cedff20999df2af8eb42d56 -> 
  custom:audio-encoder-webm-vorbis: bf7c407c2cedff20999df2af8eb42d56 -> 
========================================================================
Received Import Request.
  Time since last request: 16.655149 seconds.
  path: Assets/DungeonCharacters/Skeletons_demo/animation/DS_onehand_walk.FBX
  artifactKey: Guid(272e84c6ff8fea340b19da71308f0475) Importer(815301076,1909f56bfc062723c751e8b465ee728b)
Start importing Assets/DungeonCharacters/Skeletons_demo/animation/DS_onehand_walk.FBX using Guid(272e84c6ff8fea340b19da71308f0475) Importer(815301076,1909f56bfc062723c751e8b465ee728b)  -> (artifact id: '9c11c694a9c964de1c7a4eb8b4474cd9') in 0.080904 seconds 
  Import took 0.089822 seconds .

========================================================================
Received Prepare
Registering precompiled user dll's ...
Registered in 0.014220 seconds.
Begin MonoManager ReloadAssembly
Native extension for WindowsStandalone target not found
Native extension for WebGL target not found
Refreshing native plugins compatible for Editor in 0.92 ms, found 3 plugins.
Preloading 0 native plugins for Editor in 0.00 ms.
Mono: successfully reloaded assembly
- Completed reload, in  4.221 seconds
Domain Reload Profiling:
	ReloadAssembly (4222ms)
		BeginReloadAssembly (342ms)
			ExecutionOrderSort (0ms)
			DisableScriptedObjects (26ms)
			BackupInstance (0ms)
			ReleaseScriptingObjects (0ms)
			CreateAndSetChildDomain (65ms)
		EndReloadAssembly (3629ms)
			LoadAssemblies (295ms)
			RebuildTransferFunctionScriptingTraits (0ms)
			SetupTypeCache (1489ms)
			ReleaseScriptCaches (2ms)
			RebuildScriptCaches (182ms)
			SetupLoadedEditorAssemblies (1294ms)
				LogAssemblyErrors (0ms)
				InitializePlatformSupportModulesInManaged (12ms)
				SetLoadedEditorAssemblies (1ms)
				RefreshPlugins (1ms)
				BeforeProcessingInitializeOnLoad (443ms)
				ProcessInitializeOnLoadAttributes (803ms)
				ProcessInitializeOnLoadMethodAttributes (16ms)
				AfterProcessingInitializeOnLoad (18ms)
				EditorAssembliesLoaded (0ms)
			ExecutionOrderSort2 (0ms)
			AwakeInstancesAfterBackupRestoration (12ms)
Platform modules already initialized, skipping
Refreshing native plugins compatible for Editor in 2.48 ms, found 3 plugins.
Preloading 0 native plugins for Editor in 0.00 ms.
Unloading 2563 Unused Serialized files (Serialized files now loaded: 0)
System memory in use before: 142.8 MB.
System memory in use after: 143.0 MB.

Unloading 21 unused Assets to reduce memory usage. Loaded Objects now: 3098.
Total: 11.411700 ms (FindLiveObjects: 0.660600 ms CreateObjectMapping: 0.498000 ms MarkObjects: 10.100400 ms  DeleteObjects: 0.149900 ms)

AssetImportParameters requested are different than current active one (requested -> active):
  custom:framework-win-MediaFoundation: 216162199b28c13a410421893ffa2e32 -> 
  custom:video-decoder-ogg-theora: a1e56fd34408186e4bbccfd4996cb3dc -> 
  custom:container-muxer-webm: aa71ff27fc2769a1b78a27578f13a17b -> 
  custom:container-demuxer-webm: 4f35f7cbe854078d1ac9338744f61a02 -> 
  custom:container-demuxer-ogg: 62fdf1f143b41e24485cea50d1cbac27 -> 
  custom:video-encoder-webm-vp8: eb34c28f22e8b96e1ab97ce403110664 -> 
  custom:video-decoder-webm-vp8: 9c59270c3fd7afecdb556c50c9e8de78 -> 
  custom:audio-decoder-ogg-vorbis: bf7c407c2cedff20999df2af8eb42d56 -> 
  custom:audio-encoder-webm-vorbis: bf7c407c2cedff20999df2af8eb42d56 -> 
========================================================================
Received Import Request.
  Time since last request: 978.045732 seconds.
  path: Assets/DungeonCharacters/Skeletons_demo/animation/DS_onehand_idle_A.FBX
  artifactKey: Guid(f15c07c4bb03eeb48a7d2f8bfc519969) Importer(815301076,1909f56bfc062723c751e8b465ee728b)
Start importing Assets/DungeonCharacters/Skeletons_demo/animation/DS_onehand_idle_A.FBX using Guid(f15c07c4bb03eeb48a7d2f8bfc519969) Importer(815301076,1909f56bfc062723c751e8b465ee728b)  -> (artifact id: 'd277b51e0bd8631a9bd811e942ea7289') in 0.096750 seconds 
  Import took 0.117373 seconds .

========================================================================
Received Import Request.
  Time since last request: 6.024802 seconds.
  path: Assets/DungeonCharacters/Skeletons_demo/animation/DS_onehand_attack_A.FBX
  artifactKey: Guid(68e3a50f30bb0c54e8ca5cfae6eea48d) Importer(815301076,1909f56bfc062723c751e8b465ee728b)
Start importing Assets/DungeonCharacters/Skeletons_demo/animation/DS_onehand_attack_A.FBX using Guid(68e3a50f30bb0c54e8ca5cfae6eea48d) Importer(815301076,1909f56bfc062723c751e8b465ee728b)  -> (artifact id: '75b72c89063ba40217f65ae4d80ceda7') in 0.041818 seconds 
  Import took 0.063142 seconds .

========================================================================
Received Prepare
Registering precompiled user dll's ...
Registered in 0.027881 seconds.
Begin MonoManager ReloadAssembly
Native extension for WindowsStandalone target not found
Native extension for WebGL target not found
Refreshing native plugins compatible for Editor in 1.19 ms, found 3 plugins.
Preloading 0 native plugins for Editor in 0.00 ms.
Mono: successfully reloaded assembly
- Completed reload, in  2.169 seconds
Domain Reload Profiling:
	ReloadAssembly (2170ms)
		BeginReloadAssembly (226ms)
			ExecutionOrderSort (0ms)
			DisableScriptedObjects (10ms)
			BackupInstance (0ms)
			ReleaseScriptingObjects (0ms)
			CreateAndSetChildDomain (62ms)
		EndReloadAssembly (1814ms)
			LoadAssemblies (191ms)
			RebuildTransferFunctionScriptingTraits (0ms)
			SetupTypeCache (623ms)
			ReleaseScriptCaches (2ms)
			RebuildScriptCaches (90ms)
			SetupLoadedEditorAssemblies (701ms)
				LogAssemblyErrors (0ms)
				InitializePlatformSupportModulesInManaged (12ms)
				SetLoadedEditorAssemblies (1ms)
				RefreshPlugins (1ms)
				BeforeProcessingInitializeOnLoad (122ms)
				ProcessInitializeOnLoadAttributes (530ms)
				ProcessInitializeOnLoadMethodAttributes (17ms)
				AfterProcessingInitializeOnLoad (18ms)
				EditorAssembliesLoaded (0ms)
			ExecutionOrderSort2 (0ms)
			AwakeInstancesAfterBackupRestoration (13ms)
Platform modules already initialized, skipping
Refreshing native plugins compatible for Editor in 1.61 ms, found 3 plugins.
Preloading 0 native plugins for Editor in 0.00 ms.
Unloading 2563 Unused Serialized files (Serialized files now loaded: 0)
System memory in use before: 142.8 MB.
System memory in use after: 143.0 MB.

Unloading 21 unused Assets to reduce memory usage. Loaded Objects now: 3100.
Total: 5.964200 ms (FindLiveObjects: 0.304300 ms CreateObjectMapping: 0.246300 ms MarkObjects: 5.295200 ms  DeleteObjects: 0.116700 ms)

AssetImportParameters requested are different than current active one (requested -> active):
  custom:framework-win-MediaFoundation: 216162199b28c13a410421893ffa2e32 -> 
  custom:video-decoder-ogg-theora: a1e56fd34408186e4bbccfd4996cb3dc -> 
  custom:container-muxer-webm: aa71ff27fc2769a1b78a27578f13a17b -> 
  custom:container-demuxer-webm: 4f35f7cbe854078d1ac9338744f61a02 -> 
  custom:container-demuxer-ogg: 62fdf1f143b41e24485cea50d1cbac27 -> 
  custom:video-encoder-webm-vp8: eb34c28f22e8b96e1ab97ce403110664 -> 
  custom:video-decoder-webm-vp8: 9c59270c3fd7afecdb556c50c9e8de78 -> 
  custom:audio-decoder-ogg-vorbis: bf7c407c2cedff20999df2af8eb42d56 -> 
  custom:audio-encoder-webm-vorbis: bf7c407c2cedff20999df2af8eb42d56 -> 
========================================================================
Received Prepare
Registering precompiled user dll's ...
Registered in 0.011873 seconds.
Begin MonoManager ReloadAssembly
Native extension for WindowsStandalone target not found
Native extension for WebGL target not found
Refreshing native plugins compatible for Editor in 1.45 ms, found 3 plugins.
Preloading 0 native plugins for Editor in 0.00 ms.
Mono: successfully reloaded assembly
- Completed reload, in  2.403 seconds
Domain Reload Profiling:
	ReloadAssembly (2404ms)
		BeginReloadAssembly (230ms)
			ExecutionOrderSort (0ms)
			DisableScriptedObjects (12ms)
			BackupInstance (0ms)
			ReleaseScriptingObjects (0ms)
			CreateAndSetChildDomain (64ms)
		EndReloadAssembly (2038ms)
			LoadAssemblies (202ms)
			RebuildTransferFunctionScriptingTraits (0ms)
			SetupTypeCache (724ms)
			ReleaseScriptCaches (5ms)
			RebuildScriptCaches (132ms)
			SetupLoadedEditorAssemblies (699ms)
				LogAssemblyErrors (0ms)
				InitializePlatformSupportModulesInManaged (12ms)
				SetLoadedEditorAssemblies (1ms)
				RefreshPlugins (2ms)
				BeforeProcessingInitializeOnLoad (129ms)
				ProcessInitializeOnLoadAttributes (520ms)
				ProcessInitializeOnLoadMethodAttributes (17ms)
				AfterProcessingInitializeOnLoad (18ms)
				EditorAssembliesLoaded (0ms)
			ExecutionOrderSort2 (0ms)
			AwakeInstancesAfterBackupRestoration (13ms)
Platform modules already initialized, skipping
Refreshing native plugins compatible for Editor in 1.60 ms, found 3 plugins.
Preloading 0 native plugins for Editor in 0.00 ms.
Unloading 2563 Unused Serialized files (Serialized files now loaded: 0)
System memory in use before: 142.8 MB.
System memory in use after: 143.0 MB.

Unloading 21 unused Assets to reduce memory usage. Loaded Objects now: 3102.
Total: 9.163100 ms (FindLiveObjects: 0.585700 ms CreateObjectMapping: 0.429700 ms MarkObjects: 8.041400 ms  DeleteObjects: 0.104300 ms)

AssetImportParameters requested are different than current active one (requested -> active):
  custom:framework-win-MediaFoundation: 216162199b28c13a410421893ffa2e32 -> 
  custom:video-decoder-ogg-theora: a1e56fd34408186e4bbccfd4996cb3dc -> 
  custom:container-muxer-webm: aa71ff27fc2769a1b78a27578f13a17b -> 
  custom:container-demuxer-webm: 4f35f7cbe854078d1ac9338744f61a02 -> 
  custom:container-demuxer-ogg: 62fdf1f143b41e24485cea50d1cbac27 -> 
  custom:video-encoder-webm-vp8: eb34c28f22e8b96e1ab97ce403110664 -> 
  custom:video-decoder-webm-vp8: 9c59270c3fd7afecdb556c50c9e8de78 -> 
  custom:audio-decoder-ogg-vorbis: bf7c407c2cedff20999df2af8eb42d56 -> 
  custom:audio-encoder-webm-vorbis: bf7c407c2cedff20999df2af8eb42d56 -> 
========================================================================
Received Import Request.
  Time since last request: 9933.575581 seconds.
  path: Assets/DungeonCharacters/Skeletons_demo/models/Materials
  artifactKey: Guid(4187bf11eb548fe458d03ace86acab64) Importer(815301076,1909f56bfc062723c751e8b465ee728b)
Start importing Assets/DungeonCharacters/Skeletons_demo/models/Materials using Guid(4187bf11eb548fe458d03ace86acab64) Importer(815301076,1909f56bfc062723c751e8b465ee728b)  -> (artifact id: 'd5b03d244c8b3cf648c592a59a6432b7') in 0.030656 seconds 
  Import took 0.114551 seconds .

========================================================================
Received Import Request.
  Time since last request: 0.000401 seconds.
  path: Assets/DungeonCharacters/Skeletons_demo/models/Materials/DS_skeleton_standard.mat
  artifactKey: Guid(286bfe7af7bc3674b8c59fbc601e9291) Importer(815301076,1909f56bfc062723c751e8b465ee728b)
Start importing Assets/DungeonCharacters/Skeletons_demo/models/Materials/DS_skeleton_standard.mat using Guid(286bfe7af7bc3674b8c59fbc601e9291) Importer(815301076,1909f56bfc062723c751e8b465ee728b)  -> (artifact id: 'ad112f21a4f8908ac72cd169f7c5d6b9') in 0.250469 seconds 
  Import took 0.260582 seconds .

========================================================================
Received Import Request.
  Time since last request: 0.000376 seconds.
  path: Assets/DungeonCharacters/Skeletons_demo/models/Materials/DemoEquipment.tga
  artifactKey: Guid(cc8275683754a6b48aa2c7db7e36dff2) Importer(815301076,1909f56bfc062723c751e8b465ee728b)
Start importing Assets/DungeonCharacters/Skeletons_demo/models/Materials/DemoEquipment.tga using Guid(cc8275683754a6b48aa2c7db7e36dff2) Importer(815301076,1909f56bfc062723c751e8b465ee728b)  -> (artifact id: '28ce75e4735f3338e2866a6badbf74d4') in 0.124235 seconds 
  Import took 0.133081 seconds .

========================================================================
Received Import Request.
  Time since last request: 0.000398 seconds.
  path: Assets/DungeonCharacters/Skeletons_demo/models/Materials/DemoEquipment.mat
  artifactKey: Guid(e5e81676514139d4c85683994e6378df) Importer(815301076,1909f56bfc062723c751e8b465ee728b)
Start importing Assets/DungeonCharacters/Skeletons_demo/models/Materials/DemoEquipment.mat using Guid(e5e81676514139d4c85683994e6378df) Importer(815301076,1909f56bfc062723c751e8b465ee728b)  -> (artifact id: '507039f4a32ea20a2a39481417c5444b') in 0.101314 seconds 
  Import took 0.116798 seconds .

========================================================================
Received Import Request.
  Time since last request: 0.000366 seconds.
  path: Assets/DungeonCharacters/Skeletons_demo/models/Materials/DemoSkeleton.png
  artifactKey: Guid(93a30b3efbbb97a40a76cdded555126f) Importer(815301076,1909f56bfc062723c751e8b465ee728b)
Start importing Assets/DungeonCharacters/Skeletons_demo/models/Materials/DemoSkeleton.png using Guid(93a30b3efbbb97a40a76cdded555126f) Importer(815301076,1909f56bfc062723c751e8b465ee728b)  -> (artifact id: '837b3b0e805228538fdc8e20d43fdc6c') in 0.076765 seconds 
  Import took 0.088524 seconds .

========================================================================
Received Import Request.
  Time since last request: 307.065372 seconds.
  path: Assets/Cyber Monsters 2/Animation
  artifactKey: Guid(2e7cfdb92e1104a4986fd01fd7585068) Importer(815301076,1909f56bfc062723c751e8b465ee728b)
Start importing Assets/Cyber Monsters 2/Animation using Guid(2e7cfdb92e1104a4986fd01fd7585068) Importer(815301076,1909f56bfc062723c751e8b465ee728b)  -> (artifact id: 'b4c26457da79eb33808bf46ae4208244') in 0.047734 seconds 
  Import took 0.063793 seconds .

========================================================================
Received Import Request.
  Time since last request: 36.368751 seconds.
  path: Assets/Cyber Monsters 2/Animation/Anim_Cyber_Monsters_2@Death.fbx
  artifactKey: Guid(c47274737cf75624191fc490cc421b96) Importer(815301076,1909f56bfc062723c751e8b465ee728b)
Start importing Assets/Cyber Monsters 2/Animation/Anim_Cyber_Monsters_2@Death.fbx using Guid(c47274737cf75624191fc490cc421b96) Importer(815301076,1909f56bfc062723c751e8b465ee728b)  -> (artifact id: '153dca2c3354aeb9b98013c62374c65e') in 0.074347 seconds 
  Import took 0.092283 seconds .

========================================================================
Received Import Request.
  Time since last request: 7.445019 seconds.
  path: Assets/Cyber Monsters 2/Animation/Anim_Cyber_Monsters_2@Idle.fbx
  artifactKey: Guid(ffac060b1c1282641bb30bd1bc5ffbfb) Importer(815301076,1909f56bfc062723c751e8b465ee728b)
Start importing Assets/Cyber Monsters 2/Animation/Anim_Cyber_Monsters_2@Idle.fbx using Guid(ffac060b1c1282641bb30bd1bc5ffbfb) Importer(815301076,1909f56bfc062723c751e8b465ee728b)  -> (artifact id: '2264da47faa8c07ace7ae05281e283e3') in 0.037288 seconds 
  Import took 0.069484 seconds .

========================================================================
Received Import Request.
  Time since last request: 3.394833 seconds.
  path: Assets/Cyber Monsters 2/Animation/Anim_Cyber_Monsters_2@Run.fbx
  artifactKey: Guid(96341683ccbefe945997970ac62ec9ae) Importer(815301076,1909f56bfc062723c751e8b465ee728b)
Start importing Assets/Cyber Monsters 2/Animation/Anim_Cyber_Monsters_2@Run.fbx using Guid(96341683ccbefe945997970ac62ec9ae) Importer(815301076,1909f56bfc062723c751e8b465ee728b)  -> (artifact id: 'abdcb62f37297749bdc7a1a30486d749') in 0.052801 seconds 
  Import took 0.075706 seconds .

========================================================================
Received Import Request.
  Time since last request: 4.553480 seconds.
  path: Assets/Cyber Monsters 2/Animation/Anim_Cyber_Monsters_2@shoots gun_2.fbx
  artifactKey: Guid(f272f0685a2b201458194538209487a4) Importer(815301076,1909f56bfc062723c751e8b465ee728b)
Start importing Assets/Cyber Monsters 2/Animation/Anim_Cyber_Monsters_2@shoots gun_2.fbx using Guid(f272f0685a2b201458194538209487a4) Importer(815301076,1909f56bfc062723c751e8b465ee728b)  -> (artifact id: '17d33e0cd15b4c0d30167e339cd2777a') in 0.040398 seconds 
  Import took 0.056471 seconds .

========================================================================
Received Import Request.
  Time since last request: 2.988397 seconds.
  path: Assets/Cyber Monsters 2/Animation/Anim_Cyber_Monsters_2@sword attack.fbx
  artifactKey: Guid(8c148c36fbdbb1b4fa4e197935a6c600) Importer(815301076,1909f56bfc062723c751e8b465ee728b)
Start importing Assets/Cyber Monsters 2/Animation/Anim_Cyber_Monsters_2@sword attack.fbx using Guid(8c148c36fbdbb1b4fa4e197935a6c600) Importer(815301076,1909f56bfc062723c751e8b465ee728b)  -> (artifact id: 'b9c3949de8fcf5bfc6c791af4187bdf9') in 0.048880 seconds 
  Import took 0.072365 seconds .

========================================================================
Received Import Request.
  Time since last request: 3.492687 seconds.
  path: Assets/Cyber Monsters 2/Animation/Anim_Cyber_Monsters_2@Walking.fbx
  artifactKey: Guid(3296742d894bffc47af87b32f309e3bc) Importer(815301076,1909f56bfc062723c751e8b465ee728b)
Start importing Assets/Cyber Monsters 2/Animation/Anim_Cyber_Monsters_2@Walking.fbx using Guid(3296742d894bffc47af87b32f309e3bc) Importer(815301076,1909f56bfc062723c751e8b465ee728b)  -> (artifact id: 'dc1400669fbe7a61a7dac17771ecb86e') in 0.042127 seconds 
  Import took 0.065071 seconds .

========================================================================
Received Prepare
Registering precompiled user dll's ...
Registered in 0.342421 seconds.
Begin MonoManager ReloadAssembly
Native extension for WindowsStandalone target not found
Native extension for WebGL target not found
Refreshing native plugins compatible for Editor in 1.12 ms, found 3 plugins.
Preloading 0 native plugins for Editor in 0.00 ms.
Mono: successfully reloaded assembly
- Completed reload, in  4.302 seconds
Domain Reload Profiling:
	ReloadAssembly (4304ms)
		BeginReloadAssembly (341ms)
			ExecutionOrderSort (0ms)
			DisableScriptedObjects (8ms)
			BackupInstance (0ms)
			ReleaseScriptingObjects (0ms)
			CreateAndSetChildDomain (98ms)
		EndReloadAssembly (3767ms)
			LoadAssemblies (237ms)
			RebuildTransferFunctionScriptingTraits (0ms)
			SetupTypeCache (996ms)
			ReleaseScriptCaches (3ms)
			RebuildScriptCaches (232ms)
			SetupLoadedEditorAssemblies (1427ms)
				LogAssemblyErrors (0ms)
				InitializePlatformSupportModulesInManaged (19ms)
				SetLoadedEditorAssemblies (1ms)
				RefreshPlugins (1ms)
				BeforeProcessingInitializeOnLoad (256ms)
				ProcessInitializeOnLoadAttributes (1086ms)
				ProcessInitializeOnLoadMethodAttributes (32ms)
				AfterProcessingInitializeOnLoad (30ms)
				EditorAssembliesLoaded (1ms)
			ExecutionOrderSort2 (0ms)
			AwakeInstancesAfterBackupRestoration (27ms)
Platform modules already initialized, skipping
Refreshing native plugins compatible for Editor in 1.88 ms, found 3 plugins.
Preloading 0 native plugins for Editor in 0.00 ms.
Unloading 2563 Unused Serialized files (Serialized files now loaded: 0)
System memory in use before: 143.1 MB.
System memory in use after: 143.3 MB.

Unloading 21 unused Assets to reduce memory usage. Loaded Objects now: 3138.
Total: 13.658500 ms (FindLiveObjects: 1.491700 ms CreateObjectMapping: 0.533400 ms MarkObjects: 11.454800 ms  DeleteObjects: 0.175300 ms)

AssetImportParameters requested are different than current active one (requested -> active):
  custom:framework-win-MediaFoundation: 216162199b28c13a410421893ffa2e32 -> 
  custom:video-decoder-ogg-theora: a1e56fd34408186e4bbccfd4996cb3dc -> 
  custom:container-muxer-webm: aa71ff27fc2769a1b78a27578f13a17b -> 
  custom:container-demuxer-webm: 4f35f7cbe854078d1ac9338744f61a02 -> 
  custom:container-demuxer-ogg: 62fdf1f143b41e24485cea50d1cbac27 -> 
  custom:video-encoder-webm-vp8: eb34c28f22e8b96e1ab97ce403110664 -> 
  custom:video-decoder-webm-vp8: 9c59270c3fd7afecdb556c50c9e8de78 -> 
  custom:audio-decoder-ogg-vorbis: bf7c407c2cedff20999df2af8eb42d56 -> 
  custom:audio-encoder-webm-vorbis: bf7c407c2cedff20999df2af8eb42d56 -> 
========================================================================
Received Import Request.
  Time since last request: 101.416914 seconds.
  path: Assets/Cyber Monsters 2/Animation/Anim_Cyber_Monsters_2@Walking.fbx
  artifactKey: Guid(3296742d894bffc47af87b32f309e3bc) Importer(815301076,1909f56bfc062723c751e8b465ee728b)
Start importing Assets/Cyber Monsters 2/Animation/Anim_Cyber_Monsters_2@Walking.fbx using Guid(3296742d894bffc47af87b32f309e3bc) Importer(815301076,1909f56bfc062723c751e8b465ee728b)  -> (artifact id: '33de1b33b8268664e4aad712801d36cb') in 0.116025 seconds 
  Import took 0.135361 seconds .

========================================================================
Received Prepare
Registering precompiled user dll's ...
Registered in 0.013550 seconds.
Begin MonoManager ReloadAssembly
Native extension for WindowsStandalone target not found
Native extension for WebGL target not found
Refreshing native plugins compatible for Editor in 1.37 ms, found 3 plugins.
Preloading 0 native plugins for Editor in 0.00 ms.
Mono: successfully reloaded assembly
- Completed reload, in  2.377 seconds
Domain Reload Profiling:
	ReloadAssembly (2378ms)
		BeginReloadAssembly (223ms)
			ExecutionOrderSort (0ms)
			DisableScriptedObjects (8ms)
			BackupInstance (0ms)
			ReleaseScriptingObjects (0ms)
			CreateAndSetChildDomain (64ms)
		EndReloadAssembly (2021ms)
			LoadAssemblies (199ms)
			RebuildTransferFunctionScriptingTraits (0ms)
			SetupTypeCache (738ms)
			ReleaseScriptCaches (2ms)
			RebuildScriptCaches (101ms)
			SetupLoadedEditorAssemblies (696ms)
				LogAssemblyErrors (0ms)
				InitializePlatformSupportModulesInManaged (15ms)
				SetLoadedEditorAssemblies (1ms)
				RefreshPlugins (2ms)
				BeforeProcessingInitializeOnLoad (138ms)
				ProcessInitializeOnLoadAttributes (506ms)
				ProcessInitializeOnLoadMethodAttributes (17ms)
				AfterProcessingInitializeOnLoad (18ms)
				EditorAssembliesLoaded (0ms)
			ExecutionOrderSort2 (0ms)
			AwakeInstancesAfterBackupRestoration (12ms)
Platform modules already initialized, skipping
Refreshing native plugins compatible for Editor in 1.57 ms, found 3 plugins.
Preloading 0 native plugins for Editor in 0.00 ms.
Unloading 2563 Unused Serialized files (Serialized files now loaded: 0)
System memory in use before: 143.1 MB.
System memory in use after: 143.3 MB.

Unloading 21 unused Assets to reduce memory usage. Loaded Objects now: 3140.
Total: 7.479300 ms (FindLiveObjects: 0.404100 ms CreateObjectMapping: 0.276100 ms MarkObjects: 6.630400 ms  DeleteObjects: 0.166400 ms)

AssetImportParameters requested are different than current active one (requested -> active):
  custom:framework-win-MediaFoundation: 216162199b28c13a410421893ffa2e32 -> 
  custom:video-decoder-ogg-theora: a1e56fd34408186e4bbccfd4996cb3dc -> 
  custom:container-muxer-webm: aa71ff27fc2769a1b78a27578f13a17b -> 
  custom:container-demuxer-webm: 4f35f7cbe854078d1ac9338744f61a02 -> 
  custom:container-demuxer-ogg: 62fdf1f143b41e24485cea50d1cbac27 -> 
  custom:video-encoder-webm-vp8: eb34c28f22e8b96e1ab97ce403110664 -> 
  custom:video-decoder-webm-vp8: 9c59270c3fd7afecdb556c50c9e8de78 -> 
  custom:audio-decoder-ogg-vorbis: bf7c407c2cedff20999df2af8eb42d56 -> 
  custom:audio-encoder-webm-vorbis: bf7c407c2cedff20999df2af8eb42d56 -> 
========================================================================
Received Import Request.
  Time since last request: 64.754552 seconds.
  path: Assets/Cyber Monsters 2/Animation/Anim_Cyber_Monsters_2@Walking.fbx
  artifactKey: Guid(3296742d894bffc47af87b32f309e3bc) Importer(815301076,1909f56bfc062723c751e8b465ee728b)
Start importing Assets/Cyber Monsters 2/Animation/Anim_Cyber_Monsters_2@Walking.fbx using Guid(3296742d894bffc47af87b32f309e3bc) Importer(815301076,1909f56bfc062723c751e8b465ee728b)  -> (artifact id: '515cc37eaa16df4f33e57d29473a2aa1') in 0.054129 seconds 
  Import took 0.066776 seconds .

========================================================================
Received Prepare
Registering precompiled user dll's ...
Registered in 0.011134 seconds.
Begin MonoManager ReloadAssembly
Native extension for WindowsStandalone target not found
Native extension for WebGL target not found
Refreshing native plugins compatible for Editor in 0.92 ms, found 3 plugins.
Preloading 0 native plugins for Editor in 0.00 ms.
Mono: successfully reloaded assembly
- Completed reload, in  2.185 seconds
Domain Reload Profiling:
	ReloadAssembly (2186ms)
		BeginReloadAssembly (216ms)
			ExecutionOrderSort (0ms)
			DisableScriptedObjects (8ms)
			BackupInstance (0ms)
			ReleaseScriptingObjects (0ms)
			CreateAndSetChildDomain (60ms)
		EndReloadAssembly (1831ms)
			LoadAssemblies (189ms)
			RebuildTransferFunctionScriptingTraits (0ms)
			SetupTypeCache (635ms)
			ReleaseScriptCaches (2ms)
			RebuildScriptCaches (99ms)
			SetupLoadedEditorAssemblies (718ms)
				LogAssemblyErrors (0ms)
				InitializePlatformSupportModulesInManaged (12ms)
				SetLoadedEditorAssemblies (1ms)
				RefreshPlugins (1ms)
				BeforeProcessingInitializeOnLoad (123ms)
				ProcessInitializeOnLoadAttributes (542ms)
				ProcessInitializeOnLoadMethodAttributes (18ms)
				AfterProcessingInitializeOnLoad (19ms)
				EditorAssembliesLoaded (0ms)
			ExecutionOrderSort2 (0ms)
			AwakeInstancesAfterBackupRestoration (15ms)
Platform modules already initialized, skipping
Refreshing native plugins compatible for Editor in 1.62 ms, found 3 plugins.
Preloading 0 native plugins for Editor in 0.00 ms.
Unloading 2563 Unused Serialized files (Serialized files now loaded: 0)
System memory in use before: 143.1 MB.
System memory in use after: 143.3 MB.

Unloading 21 unused Assets to reduce memory usage. Loaded Objects now: 3142.
Total: 6.897500 ms (FindLiveObjects: 0.495700 ms CreateObjectMapping: 0.298200 ms MarkObjects: 5.946900 ms  DeleteObjects: 0.154300 ms)

AssetImportParameters requested are different than current active one (requested -> active):
  custom:framework-win-MediaFoundation: 216162199b28c13a410421893ffa2e32 -> 
  custom:video-decoder-ogg-theora: a1e56fd34408186e4bbccfd4996cb3dc -> 
  custom:container-muxer-webm: aa71ff27fc2769a1b78a27578f13a17b -> 
  custom:container-demuxer-webm: 4f35f7cbe854078d1ac9338744f61a02 -> 
  custom:container-demuxer-ogg: 62fdf1f143b41e24485cea50d1cbac27 -> 
  custom:video-encoder-webm-vp8: eb34c28f22e8b96e1ab97ce403110664 -> 
  custom:video-decoder-webm-vp8: 9c59270c3fd7afecdb556c50c9e8de78 -> 
  custom:audio-decoder-ogg-vorbis: bf7c407c2cedff20999df2af8eb42d56 -> 
  custom:audio-encoder-webm-vorbis: bf7c407c2cedff20999df2af8eb42d56 -> 
========================================================================
Received Import Request.
  Time since last request: 190.462966 seconds.
  path: Assets/DungeonCharacters/Skeletons_demo/animation/DS_onehand_walk.FBX
  artifactKey: Guid(272e84c6ff8fea340b19da71308f0475) Importer(815301076,1909f56bfc062723c751e8b465ee728b)
Start importing Assets/DungeonCharacters/Skeletons_demo/animation/DS_onehand_walk.FBX using Guid(272e84c6ff8fea340b19da71308f0475) Importer(815301076,1909f56bfc062723c751e8b465ee728b)  -> (artifact id: 'ea6f04dbee472a410603bc0ba85e6b08') in 0.062023 seconds 
  Import took 0.072016 seconds .

========================================================================
Received Import Request.
  Time since last request: 16.215059 seconds.
  path: Assets/DungeonCharacters/Skeletons_demo/animation/DS_onehand_walk.FBX
  artifactKey: Guid(272e84c6ff8fea340b19da71308f0475) Importer(815301076,1909f56bfc062723c751e8b465ee728b)
Start importing Assets/DungeonCharacters/Skeletons_demo/animation/DS_onehand_walk.FBX using Guid(272e84c6ff8fea340b19da71308f0475) Importer(815301076,1909f56bfc062723c751e8b465ee728b)  -> (artifact id: '9a42890c4d93ecb19972d5271345f30f') in 0.022077 seconds 
  Import took 0.033183 seconds .

========================================================================
Received Import Request.
  Time since last request: 13.112301 seconds.
  path: Assets/DungeonCharacters/Skeletons_demo/animation/DS_onehand_walk.FBX
  artifactKey: Guid(272e84c6ff8fea340b19da71308f0475) Importer(815301076,1909f56bfc062723c751e8b465ee728b)
Start importing Assets/DungeonCharacters/Skeletons_demo/animation/DS_onehand_walk.FBX using Guid(272e84c6ff8fea340b19da71308f0475) Importer(815301076,1909f56bfc062723c751e8b465ee728b)  -> (artifact id: '8f8462438679af68b0539be802c153bf') in 0.023155 seconds 
  Import took 0.040411 seconds .

========================================================================
Received Prepare
Registering precompiled user dll's ...
Registered in 0.010945 seconds.
Begin MonoManager ReloadAssembly
Native extension for WindowsStandalone target not found
Native extension for WebGL target not found
Refreshing native plugins compatible for Editor in 1.24 ms, found 3 plugins.
Preloading 0 native plugins for Editor in 0.00 ms.
Mono: successfully reloaded assembly
- Completed reload, in  2.770 seconds
Domain Reload Profiling:
	ReloadAssembly (2771ms)
		BeginReloadAssembly (213ms)
			ExecutionOrderSort (0ms)
			DisableScriptedObjects (8ms)
			BackupInstance (0ms)
			ReleaseScriptingObjects (0ms)
			CreateAndSetChildDomain (58ms)
		EndReloadAssembly (2424ms)
			LoadAssemblies (194ms)
			RebuildTransferFunctionScriptingTraits (0ms)
			SetupTypeCache (1017ms)
			ReleaseScriptCaches (2ms)
			RebuildScriptCaches (93ms)
			SetupLoadedEditorAssemblies (882ms)
				LogAssemblyErrors (0ms)
				InitializePlatformSupportModulesInManaged (11ms)
				SetLoadedEditorAssemblies (1ms)
				RefreshPlugins (1ms)
				BeforeProcessingInitializeOnLoad (155ms)
				ProcessInitializeOnLoadAttributes (666ms)
				ProcessInitializeOnLoadMethodAttributes (20ms)
				AfterProcessingInitializeOnLoad (27ms)
				EditorAssembliesLoaded (1ms)
			ExecutionOrderSort2 (0ms)
			AwakeInstancesAfterBackupRestoration (13ms)
Platform modules already initialized, skipping
Refreshing native plugins compatible for Editor in 1.55 ms, found 3 plugins.
Preloading 0 native plugins for Editor in 0.00 ms.
Unloading 2563 Unused Serialized files (Serialized files now loaded: 0)
System memory in use before: 143.2 MB.
System memory in use after: 143.3 MB.

Unloading 21 unused Assets to reduce memory usage. Loaded Objects now: 3144.
Total: 12.836000 ms (FindLiveObjects: 0.557200 ms CreateObjectMapping: 1.036600 ms MarkObjects: 11.089600 ms  DeleteObjects: 0.150000 ms)

AssetImportParameters requested are different than current active one (requested -> active):
  custom:framework-win-MediaFoundation: 216162199b28c13a410421893ffa2e32 -> 
  custom:video-decoder-ogg-theora: a1e56fd34408186e4bbccfd4996cb3dc -> 
  custom:container-muxer-webm: aa71ff27fc2769a1b78a27578f13a17b -> 
  custom:container-demuxer-webm: 4f35f7cbe854078d1ac9338744f61a02 -> 
  custom:container-demuxer-ogg: 62fdf1f143b41e24485cea50d1cbac27 -> 
  custom:video-encoder-webm-vp8: eb34c28f22e8b96e1ab97ce403110664 -> 
  custom:video-decoder-webm-vp8: 9c59270c3fd7afecdb556c50c9e8de78 -> 
  custom:audio-decoder-ogg-vorbis: bf7c407c2cedff20999df2af8eb42d56 -> 
  custom:audio-encoder-webm-vorbis: bf7c407c2cedff20999df2af8eb42d56 -> 
========================================================================
Received Prepare
Registering precompiled user dll's ...
Registered in 0.010984 seconds.
Begin MonoManager ReloadAssembly
Native extension for WindowsStandalone target not found
Native extension for WebGL target not found
Refreshing native plugins compatible for Editor in 0.94 ms, found 3 plugins.
Preloading 0 native plugins for Editor in 0.00 ms.
Mono: successfully reloaded assembly
- Completed reload, in  2.746 seconds
Domain Reload Profiling:
	ReloadAssembly (2747ms)
		BeginReloadAssembly (244ms)
			ExecutionOrderSort (0ms)
			DisableScriptedObjects (8ms)
			BackupInstance (0ms)
			ReleaseScriptingObjects (0ms)
			CreateAndSetChildDomain (64ms)
		EndReloadAssembly (2307ms)
			LoadAssemblies (211ms)
			RebuildTransferFunctionScriptingTraits (0ms)
			SetupTypeCache (901ms)
			ReleaseScriptCaches (2ms)
			RebuildScriptCaches (97ms)
			SetupLoadedEditorAssemblies (873ms)
				LogAssemblyErrors (0ms)
				InitializePlatformSupportModulesInManaged (12ms)
				SetLoadedEditorAssemblies (1ms)
				RefreshPlugins (1ms)
				BeforeProcessingInitializeOnLoad (136ms)
				ProcessInitializeOnLoadAttributes (678ms)
				ProcessInitializeOnLoadMethodAttributes (19ms)
				AfterProcessingInitializeOnLoad (25ms)
				EditorAssembliesLoaded (1ms)
			ExecutionOrderSort2 (0ms)
			AwakeInstancesAfterBackupRestoration (29ms)
Platform modules already initialized, skipping
Refreshing native plugins compatible for Editor in 2.08 ms, found 3 plugins.
Preloading 0 native plugins for Editor in 0.00 ms.
Unloading 2563 Unused Serialized files (Serialized files now loaded: 0)
System memory in use before: 143.1 MB.
System memory in use after: 143.3 MB.

Unloading 21 unused Assets to reduce memory usage. Loaded Objects now: 3146.
Total: 8.138200 ms (FindLiveObjects: 0.461100 ms CreateObjectMapping: 0.281300 ms MarkObjects: 7.265300 ms  DeleteObjects: 0.127900 ms)

AssetImportParameters requested are different than current active one (requested -> active):
  custom:framework-win-MediaFoundation: 216162199b28c13a410421893ffa2e32 -> 
  custom:video-decoder-ogg-theora: a1e56fd34408186e4bbccfd4996cb3dc -> 
  custom:container-muxer-webm: aa71ff27fc2769a1b78a27578f13a17b -> 
  custom:container-demuxer-webm: 4f35f7cbe854078d1ac9338744f61a02 -> 
  custom:container-demuxer-ogg: 62fdf1f143b41e24485cea50d1cbac27 -> 
  custom:video-encoder-webm-vp8: eb34c28f22e8b96e1ab97ce403110664 -> 
  custom:video-decoder-webm-vp8: 9c59270c3fd7afecdb556c50c9e8de78 -> 
  custom:audio-decoder-ogg-vorbis: bf7c407c2cedff20999df2af8eb42d56 -> 
  custom:audio-encoder-webm-vorbis: bf7c407c2cedff20999df2af8eb42d56 -> 
========================================================================
Received Import Request.
  Time since last request: 143.695207 seconds.
  path: Assets/DungeonCharacters/Skeletons_demo/animation/DS_onehand_walk.FBX
  artifactKey: Guid(272e84c6ff8fea340b19da71308f0475) Importer(815301076,1909f56bfc062723c751e8b465ee728b)
Start importing Assets/DungeonCharacters/Skeletons_demo/animation/DS_onehand_walk.FBX using Guid(272e84c6ff8fea340b19da71308f0475) Importer(815301076,1909f56bfc062723c751e8b465ee728b)  -> (artifact id: 'fcfcbd0e4ce9158dd1bb543209812e97') in 0.054694 seconds 
  Import took 0.063971 seconds .

========================================================================
Received Import Request.
  Time since last request: 1.649300 seconds.
  path: Assets/DungeonCharacters/Skeletons_demo/animation/DS_onehand_walk.FBX
  artifactKey: Guid(272e84c6ff8fea340b19da71308f0475) Importer(815301076,1909f56bfc062723c751e8b465ee728b)
Start importing Assets/DungeonCharacters/Skeletons_demo/animation/DS_onehand_walk.FBX using Guid(272e84c6ff8fea340b19da71308f0475) Importer(815301076,1909f56bfc062723c751e8b465ee728b)  -> (artifact id: 'd55ddadeb11192cac8c97d629370ded9') in 0.025053 seconds 
  Import took 0.036670 seconds .

========================================================================
Received Prepare
Registering precompiled user dll's ...
Registered in 0.011499 seconds.
Begin MonoManager ReloadAssembly
Native extension for WindowsStandalone target not found
Native extension for WebGL target not found
Refreshing native plugins compatible for Editor in 0.92 ms, found 3 plugins.
Preloading 0 native plugins for Editor in 0.00 ms.
Mono: successfully reloaded assembly
- Completed reload, in  2.508 seconds
Domain Reload Profiling:
	ReloadAssembly (2509ms)
		BeginReloadAssembly (283ms)
			ExecutionOrderSort (0ms)
			DisableScriptedObjects (7ms)
			BackupInstance (0ms)
			ReleaseScriptingObjects (0ms)
			CreateAndSetChildDomain (91ms)
		EndReloadAssembly (2101ms)
			LoadAssemblies (185ms)
			RebuildTransferFunctionScriptingTraits (0ms)
			SetupTypeCache (749ms)
			ReleaseScriptCaches (2ms)
			RebuildScriptCaches (97ms)
			SetupLoadedEditorAssemblies (809ms)
				LogAssemblyErrors (0ms)
				InitializePlatformSupportModulesInManaged (12ms)
				SetLoadedEditorAssemblies (1ms)
				RefreshPlugins (1ms)
				BeforeProcessingInitializeOnLoad (123ms)
				ProcessInitializeOnLoadAttributes (614ms)
				ProcessInitializeOnLoadMethodAttributes (36ms)
				AfterProcessingInitializeOnLoad (21ms)
				EditorAssembliesLoaded (1ms)
			ExecutionOrderSort2 (0ms)
			AwakeInstancesAfterBackupRestoration (14ms)
Platform modules already initialized, skipping
Refreshing native plugins compatible for Editor in 1.54 ms, found 3 plugins.
Preloading 0 native plugins for Editor in 0.00 ms.
Unloading 2563 Unused Serialized files (Serialized files now loaded: 0)
System memory in use before: 143.1 MB.
System memory in use after: 143.3 MB.

Unloading 21 unused Assets to reduce memory usage. Loaded Objects now: 3148.
Total: 6.560100 ms (FindLiveObjects: 0.353700 ms CreateObjectMapping: 0.282200 ms MarkObjects: 5.736600 ms  DeleteObjects: 0.185400 ms)

AssetImportParameters requested are different than current active one (requested -> active):
  custom:framework-win-MediaFoundation: 216162199b28c13a410421893ffa2e32 -> 
  custom:video-decoder-ogg-theora: a1e56fd34408186e4bbccfd4996cb3dc -> 
  custom:container-muxer-webm: aa71ff27fc2769a1b78a27578f13a17b -> 
  custom:container-demuxer-webm: 4f35f7cbe854078d1ac9338744f61a02 -> 
  custom:container-demuxer-ogg: 62fdf1f143b41e24485cea50d1cbac27 -> 
  custom:video-encoder-webm-vp8: eb34c28f22e8b96e1ab97ce403110664 -> 
  custom:video-decoder-webm-vp8: 9c59270c3fd7afecdb556c50c9e8de78 -> 
  custom:audio-decoder-ogg-vorbis: bf7c407c2cedff20999df2af8eb42d56 -> 
  custom:audio-encoder-webm-vorbis: bf7c407c2cedff20999df2af8eb42d56 -> 
========================================================================
Received Import Request.
  Time since last request: 47.652453 seconds.
  path: Assets/DungeonCharacters/Skeletons_demo/animation/DS_onehand_walk.FBX
  artifactKey: Guid(272e84c6ff8fea340b19da71308f0475) Importer(815301076,1909f56bfc062723c751e8b465ee728b)
Start importing Assets/DungeonCharacters/Skeletons_demo/animation/DS_onehand_walk.FBX using Guid(272e84c6ff8fea340b19da71308f0475) Importer(815301076,1909f56bfc062723c751e8b465ee728b)  -> (artifact id: '0ec0cb19df2b231a1612c2f6e861c142') in 0.090480 seconds 
  Import took 0.114673 seconds .

========================================================================
Received Import Request.
  Time since last request: 1.011229 seconds.
  path: Assets/DungeonCharacters/Skeletons_demo/animation/DS_onehand_walk.FBX
  artifactKey: Guid(272e84c6ff8fea340b19da71308f0475) Importer(815301076,1909f56bfc062723c751e8b465ee728b)
Start importing Assets/DungeonCharacters/Skeletons_demo/animation/DS_onehand_walk.FBX using Guid(272e84c6ff8fea340b19da71308f0475) Importer(815301076,1909f56bfc062723c751e8b465ee728b)  -> (artifact id: '76b60ca4bf45694a883de215a573dc22') in 0.023199 seconds 
  Import took 0.059756 seconds .

========================================================================
Received Prepare
Registering precompiled user dll's ...
Registered in 0.047559 seconds.
Begin MonoManager ReloadAssembly
Native extension for WindowsStandalone target not found
Native extension for WebGL target not found
Refreshing native plugins compatible for Editor in 1.44 ms, found 3 plugins.
Preloading 0 native plugins for Editor in 0.00 ms.
Mono: successfully reloaded assembly
- Completed reload, in  2.514 seconds
Domain Reload Profiling:
	ReloadAssembly (2515ms)
		BeginReloadAssembly (232ms)
			ExecutionOrderSort (0ms)
			DisableScriptedObjects (8ms)
			BackupInstance (0ms)
			ReleaseScriptingObjects (0ms)
			CreateAndSetChildDomain (74ms)
		EndReloadAssembly (2153ms)
			LoadAssemblies (257ms)
			RebuildTransferFunctionScriptingTraits (0ms)
			SetupTypeCache (603ms)
			ReleaseScriptCaches (2ms)
			RebuildScriptCaches (158ms)
			SetupLoadedEditorAssemblies (885ms)
				LogAssemblyErrors (0ms)
				InitializePlatformSupportModulesInManaged (24ms)
				SetLoadedEditorAssemblies (2ms)
				RefreshPlugins (2ms)
				BeforeProcessingInitializeOnLoad (174ms)
				ProcessInitializeOnLoadAttributes (644ms)
				ProcessInitializeOnLoadMethodAttributes (21ms)
				AfterProcessingInitializeOnLoad (18ms)
				EditorAssembliesLoaded (1ms)
			ExecutionOrderSort2 (0ms)
			AwakeInstancesAfterBackupRestoration (13ms)
Platform modules already initialized, skipping
Refreshing native plugins compatible for Editor in 3.47 ms, found 3 plugins.
Preloading 0 native plugins for Editor in 0.00 ms.
Unloading 2563 Unused Serialized files (Serialized files now loaded: 0)
System memory in use before: 143.2 MB.
System memory in use after: 143.3 MB.

Unloading 21 unused Assets to reduce memory usage. Loaded Objects now: 3150.
Total: 16.103000 ms (FindLiveObjects: 0.860500 ms CreateObjectMapping: 0.562300 ms MarkObjects: 14.474100 ms  DeleteObjects: 0.202700 ms)

AssetImportParameters requested are different than current active one (requested -> active):
  custom:framework-win-MediaFoundation: 216162199b28c13a410421893ffa2e32 -> 
  custom:video-decoder-ogg-theora: a1e56fd34408186e4bbccfd4996cb3dc -> 
  custom:container-muxer-webm: aa71ff27fc2769a1b78a27578f13a17b -> 
  custom:container-demuxer-webm: 4f35f7cbe854078d1ac9338744f61a02 -> 
  custom:container-demuxer-ogg: 62fdf1f143b41e24485cea50d1cbac27 -> 
  custom:video-encoder-webm-vp8: eb34c28f22e8b96e1ab97ce403110664 -> 
  custom:video-decoder-webm-vp8: 9c59270c3fd7afecdb556c50c9e8de78 -> 
  custom:audio-decoder-ogg-vorbis: bf7c407c2cedff20999df2af8eb42d56 -> 
  custom:audio-encoder-webm-vorbis: bf7c407c2cedff20999df2af8eb42d56 -> 
========================================================================
Received Import Request.
  Time since last request: 51.723302 seconds.
  path: Assets/Cyber Monsters 2/Animation/Anim_Cyber_Monsters_2@Walking.fbx
  artifactKey: Guid(3296742d894bffc47af87b32f309e3bc) Importer(815301076,1909f56bfc062723c751e8b465ee728b)
Start importing Assets/Cyber Monsters 2/Animation/Anim_Cyber_Monsters_2@Walking.fbx using Guid(3296742d894bffc47af87b32f309e3bc) Importer(815301076,1909f56bfc062723c751e8b465ee728b)  -> (artifact id: 'fac967eb0941a202e9f9191ec0465823') in 0.123187 seconds 
  Import took 0.141176 seconds .

========================================================================
Received Import Request.
  Time since last request: 26.899559 seconds.
  path: Assets/Cyber Monsters 2/Animation/Anim_Cyber_Monsters_2@Walking.fbx
  artifactKey: Guid(3296742d894bffc47af87b32f309e3bc) Importer(815301076,1909f56bfc062723c751e8b465ee728b)
Start importing Assets/Cyber Monsters 2/Animation/Anim_Cyber_Monsters_2@Walking.fbx using Guid(3296742d894bffc47af87b32f309e3bc) Importer(815301076,1909f56bfc062723c751e8b465ee728b)  -> (artifact id: '70145eb3d759751ed177a453c3e8f0c5') in 0.034629 seconds 
  Import took 0.054734 seconds .

========================================================================
Received Prepare
Registering precompiled user dll's ...
Registered in 0.011318 seconds.
Begin MonoManager ReloadAssembly
Native extension for WindowsStandalone target not found
Native extension for WebGL target not found
Refreshing native plugins compatible for Editor in 0.90 ms, found 3 plugins.
Preloading 0 native plugins for Editor in 0.00 ms.
Mono: successfully reloaded assembly
- Completed reload, in  2.463 seconds
Domain Reload Profiling:
	ReloadAssembly (2464ms)
		BeginReloadAssembly (216ms)
			ExecutionOrderSort (0ms)
			DisableScriptedObjects (8ms)
			BackupInstance (0ms)
			ReleaseScriptingObjects (0ms)
			CreateAndSetChildDomain (57ms)
		EndReloadAssembly (2090ms)
			LoadAssemblies (217ms)
			RebuildTransferFunctionScriptingTraits (0ms)
			SetupTypeCache (689ms)
			ReleaseScriptCaches (2ms)
			RebuildScriptCaches (86ms)
			SetupLoadedEditorAssemblies (851ms)
				LogAssemblyErrors (0ms)
				InitializePlatformSupportModulesInManaged (11ms)
				SetLoadedEditorAssemblies (1ms)
				RefreshPlugins (1ms)
				BeforeProcessingInitializeOnLoad (139ms)
				ProcessInitializeOnLoadAttributes (660ms)
				ProcessInitializeOnLoadMethodAttributes (19ms)
				AfterProcessingInitializeOnLoad (19ms)
				EditorAssembliesLoaded (1ms)
			ExecutionOrderSort2 (0ms)
			AwakeInstancesAfterBackupRestoration (15ms)
Platform modules already initialized, skipping
Refreshing native plugins compatible for Editor in 1.57 ms, found 3 plugins.
Preloading 0 native plugins for Editor in 0.00 ms.
Unloading 2563 Unused Serialized files (Serialized files now loaded: 0)
System memory in use before: 143.2 MB.
System memory in use after: 143.4 MB.

Unloading 21 unused Assets to reduce memory usage. Loaded Objects now: 3152.
Total: 7.550200 ms (FindLiveObjects: 0.404400 ms CreateObjectMapping: 0.268400 ms MarkObjects: 6.723900 ms  DeleteObjects: 0.151200 ms)

AssetImportParameters requested are different than current active one (requested -> active):
  custom:framework-win-MediaFoundation: 216162199b28c13a410421893ffa2e32 -> 
  custom:video-decoder-ogg-theora: a1e56fd34408186e4bbccfd4996cb3dc -> 
  custom:container-muxer-webm: aa71ff27fc2769a1b78a27578f13a17b -> 
  custom:container-demuxer-webm: 4f35f7cbe854078d1ac9338744f61a02 -> 
  custom:container-demuxer-ogg: 62fdf1f143b41e24485cea50d1cbac27 -> 
  custom:video-encoder-webm-vp8: eb34c28f22e8b96e1ab97ce403110664 -> 
  custom:video-decoder-webm-vp8: 9c59270c3fd7afecdb556c50c9e8de78 -> 
  custom:audio-decoder-ogg-vorbis: bf7c407c2cedff20999df2af8eb42d56 -> 
  custom:audio-encoder-webm-vorbis: bf7c407c2cedff20999df2af8eb42d56 -> 
========================================================================
Received Import Request.
  Time since last request: 160.221112 seconds.
  path: Assets/Cyber Monsters 2/Animation/Anim_Cyber_Monsters_2@sword attack.fbx
  artifactKey: Guid(8c148c36fbdbb1b4fa4e197935a6c600) Importer(815301076,1909f56bfc062723c751e8b465ee728b)
Start importing Assets/Cyber Monsters 2/Animation/Anim_Cyber_Monsters_2@sword attack.fbx using Guid(8c148c36fbdbb1b4fa4e197935a6c600) Importer(815301076,1909f56bfc062723c751e8b465ee728b)  -> (artifact id: '8d26f93a71000c009a2f7c38dd0f20be') in 0.058027 seconds 
  Import took 0.068604 seconds .

========================================================================
Received Import Request.
  Time since last request: 5.759153 seconds.
  path: Assets/Cyber Monsters 2/Animation/Anim_Cyber_Monsters_2@sword attack.fbx
  artifactKey: Guid(8c148c36fbdbb1b4fa4e197935a6c600) Importer(815301076,1909f56bfc062723c751e8b465ee728b)
Start importing Assets/Cyber Monsters 2/Animation/Anim_Cyber_Monsters_2@sword attack.fbx using Guid(8c148c36fbdbb1b4fa4e197935a6c600) Importer(815301076,1909f56bfc062723c751e8b465ee728b)  -> (artifact id: '693b73eb5d977b2947844bdc00d8bf77') in 0.027236 seconds 
  Import took 0.035736 seconds .

========================================================================
Received Import Request.
  Time since last request: 24.206324 seconds.
  path: Assets/Cyber Monsters 2/Animation/Anim_Cyber_Monsters_2@sword attack.fbx
  artifactKey: Guid(8c148c36fbdbb1b4fa4e197935a6c600) Importer(815301076,1909f56bfc062723c751e8b465ee728b)
Start importing Assets/Cyber Monsters 2/Animation/Anim_Cyber_Monsters_2@sword attack.fbx using Guid(8c148c36fbdbb1b4fa4e197935a6c600) Importer(815301076,1909f56bfc062723c751e8b465ee728b)  -> (artifact id: 'bfa97527339bf8925b495ccb2bbd16ee') in 0.035259 seconds 
  Import took 0.054387 seconds .

========================================================================
Received Prepare
Registering precompiled user dll's ...
Registered in 0.014726 seconds.
Begin MonoManager ReloadAssembly
Native extension for WindowsStandalone target not found
Native extension for WebGL target not found
Refreshing native plugins compatible for Editor in 0.90 ms, found 3 plugins.
Preloading 0 native plugins for Editor in 0.00 ms.
Mono: successfully reloaded assembly
- Completed reload, in  2.122 seconds
Domain Reload Profiling:
	ReloadAssembly (2123ms)
		BeginReloadAssembly (219ms)
			ExecutionOrderSort (0ms)
			DisableScriptedObjects (11ms)
			BackupInstance (0ms)
			ReleaseScriptingObjects (0ms)
			CreateAndSetChildDomain (57ms)
		EndReloadAssembly (1770ms)
			LoadAssemblies (183ms)
			RebuildTransferFunctionScriptingTraits (0ms)
			SetupTypeCache (615ms)
			ReleaseScriptCaches (2ms)
			RebuildScriptCaches (85ms)
			SetupLoadedEditorAssemblies (680ms)
				LogAssemblyErrors (0ms)
				InitializePlatformSupportModulesInManaged (11ms)
				SetLoadedEditorAssemblies (1ms)
				RefreshPlugins (1ms)
				BeforeProcessingInitializeOnLoad (122ms)
				ProcessInitializeOnLoadAttributes (509ms)
				ProcessInitializeOnLoadMethodAttributes (17ms)
				AfterProcessingInitializeOnLoad (19ms)
				EditorAssembliesLoaded (0ms)
			ExecutionOrderSort2 (0ms)
			AwakeInstancesAfterBackupRestoration (14ms)
Platform modules already initialized, skipping
Refreshing native plugins compatible for Editor in 1.55 ms, found 3 plugins.
Preloading 0 native plugins for Editor in 0.00 ms.
Unloading 2563 Unused Serialized files (Serialized files now loaded: 0)
System memory in use before: 143.2 MB.
System memory in use after: 143.4 MB.

Unloading 21 unused Assets to reduce memory usage. Loaded Objects now: 3154.
Total: 9.282600 ms (FindLiveObjects: 0.696400 ms CreateObjectMapping: 0.411600 ms MarkObjects: 8.044900 ms  DeleteObjects: 0.127000 ms)

AssetImportParameters requested are different than current active one (requested -> active):
  custom:framework-win-MediaFoundation: 216162199b28c13a410421893ffa2e32 -> 
  custom:video-decoder-ogg-theora: a1e56fd34408186e4bbccfd4996cb3dc -> 
  custom:container-muxer-webm: aa71ff27fc2769a1b78a27578f13a17b -> 
  custom:container-demuxer-webm: 4f35f7cbe854078d1ac9338744f61a02 -> 
  custom:container-demuxer-ogg: 62fdf1f143b41e24485cea50d1cbac27 -> 
  custom:video-encoder-webm-vp8: eb34c28f22e8b96e1ab97ce403110664 -> 
  custom:video-decoder-webm-vp8: 9c59270c3fd7afecdb556c50c9e8de78 -> 
  custom:audio-decoder-ogg-vorbis: bf7c407c2cedff20999df2af8eb42d56 -> 
  custom:audio-encoder-webm-vorbis: bf7c407c2cedff20999df2af8eb42d56 -> 
========================================================================
Received Prepare
Registering precompiled user dll's ...
Registered in 0.018842 seconds.
Begin MonoManager ReloadAssembly
Native extension for WindowsStandalone target not found
Native extension for WebGL target not found
Refreshing native plugins compatible for Editor in 1.69 ms, found 3 plugins.
Preloading 0 native plugins for Editor in 0.00 ms.
Mono: successfully reloaded assembly
- Completed reload, in  3.704 seconds
Domain Reload Profiling:
	ReloadAssembly (3705ms)
		BeginReloadAssembly (332ms)
			ExecutionOrderSort (0ms)
			DisableScriptedObjects (13ms)
			BackupInstance (0ms)
			ReleaseScriptingObjects (0ms)
			CreateAndSetChildDomain (83ms)
		EndReloadAssembly (3185ms)
			LoadAssemblies (260ms)
			RebuildTransferFunctionScriptingTraits (0ms)
			SetupTypeCache (963ms)
			ReleaseScriptCaches (2ms)
			RebuildScriptCaches (162ms)
			SetupLoadedEditorAssemblies (1389ms)
				LogAssemblyErrors (0ms)
				InitializePlatformSupportModulesInManaged (19ms)
				SetLoadedEditorAssemblies (1ms)
				RefreshPlugins (2ms)
				BeforeProcessingInitializeOnLoad (163ms)
				ProcessInitializeOnLoadAttributes (1093ms)
				ProcessInitializeOnLoadMethodAttributes (59ms)
				AfterProcessingInitializeOnLoad (50ms)
				EditorAssembliesLoaded (2ms)
			ExecutionOrderSort2 (0ms)
			AwakeInstancesAfterBackupRestoration (30ms)
Platform modules already initialized, skipping
Refreshing native plugins compatible for Editor in 1.95 ms, found 3 plugins.
Preloading 0 native plugins for Editor in 0.00 ms.
Unloading 2563 Unused Serialized files (Serialized files now loaded: 0)
System memory in use before: 143.2 MB.
System memory in use after: 143.4 MB.

Unloading 21 unused Assets to reduce memory usage. Loaded Objects now: 3156.
Total: 6.301900 ms (FindLiveObjects: 0.449100 ms CreateObjectMapping: 0.323600 ms MarkObjects: 5.404800 ms  DeleteObjects: 0.122200 ms)

AssetImportParameters requested are different than current active one (requested -> active):
  custom:framework-win-MediaFoundation: 216162199b28c13a410421893ffa2e32 -> 
  custom:video-decoder-ogg-theora: a1e56fd34408186e4bbccfd4996cb3dc -> 
  custom:container-muxer-webm: aa71ff27fc2769a1b78a27578f13a17b -> 
  custom:container-demuxer-webm: 4f35f7cbe854078d1ac9338744f61a02 -> 
  custom:container-demuxer-ogg: 62fdf1f143b41e24485cea50d1cbac27 -> 
  custom:video-encoder-webm-vp8: eb34c28f22e8b96e1ab97ce403110664 -> 
  custom:video-decoder-webm-vp8: 9c59270c3fd7afecdb556c50c9e8de78 -> 
  custom:audio-decoder-ogg-vorbis: bf7c407c2cedff20999df2af8eb42d56 -> 
  custom:audio-encoder-webm-vorbis: bf7c407c2cedff20999df2af8eb42d56 -> 
========================================================================
Received Prepare
Registering precompiled user dll's ...
Registered in 0.013870 seconds.
Begin MonoManager ReloadAssembly
Native extension for WindowsStandalone target not found
Native extension for WebGL target not found
Refreshing native plugins compatible for Editor in 1.49 ms, found 3 plugins.
Preloading 0 native plugins for Editor in 0.00 ms.
Mono: successfully reloaded assembly
- Completed reload, in  2.425 seconds
Domain Reload Profiling:
	ReloadAssembly (2426ms)
		BeginReloadAssembly (238ms)
			ExecutionOrderSort (0ms)
			DisableScriptedObjects (11ms)
			BackupInstance (0ms)
			ReleaseScriptingObjects (0ms)
			CreateAndSetChildDomain (60ms)
		EndReloadAssembly (2052ms)
			LoadAssemblies (199ms)
			RebuildTransferFunctionScriptingTraits (0ms)
			SetupTypeCache (658ms)
			ReleaseScriptCaches (2ms)
			RebuildScriptCaches (103ms)
			SetupLoadedEditorAssemblies (844ms)
				LogAssemblyErrors (0ms)
				InitializePlatformSupportModulesInManaged (14ms)
				SetLoadedEditorAssemblies (1ms)
				RefreshPlugins (2ms)
				BeforeProcessingInitializeOnLoad (147ms)
				ProcessInitializeOnLoadAttributes (634ms)
				ProcessInitializeOnLoadMethodAttributes (23ms)
				AfterProcessingInitializeOnLoad (23ms)
				EditorAssembliesLoaded (1ms)
			ExecutionOrderSort2 (0ms)
			AwakeInstancesAfterBackupRestoration (17ms)
Platform modules already initialized, skipping
Refreshing native plugins compatible for Editor in 1.66 ms, found 3 plugins.
Preloading 0 native plugins for Editor in 0.00 ms.
Unloading 2563 Unused Serialized files (Serialized files now loaded: 0)
System memory in use before: 143.2 MB.
System memory in use after: 143.4 MB.

Unloading 21 unused Assets to reduce memory usage. Loaded Objects now: 3158.
Total: 8.764700 ms (FindLiveObjects: 0.436400 ms CreateObjectMapping: 0.252800 ms MarkObjects: 7.950900 ms  DeleteObjects: 0.121500 ms)

AssetImportParameters requested are different than current active one (requested -> active):
  custom:framework-win-MediaFoundation: 216162199b28c13a410421893ffa2e32 -> 
  custom:video-decoder-ogg-theora: a1e56fd34408186e4bbccfd4996cb3dc -> 
  custom:container-muxer-webm: aa71ff27fc2769a1b78a27578f13a17b -> 
  custom:container-demuxer-webm: 4f35f7cbe854078d1ac9338744f61a02 -> 
  custom:container-demuxer-ogg: 62fdf1f143b41e24485cea50d1cbac27 -> 
  custom:video-encoder-webm-vp8: eb34c28f22e8b96e1ab97ce403110664 -> 
  custom:video-decoder-webm-vp8: 9c59270c3fd7afecdb556c50c9e8de78 -> 
  custom:audio-decoder-ogg-vorbis: bf7c407c2cedff20999df2af8eb42d56 -> 
  custom:audio-encoder-webm-vorbis: bf7c407c2cedff20999df2af8eb42d56 -> 
AssetImportWorkerClient::OnTransportError - code=2 error=End of file
